#
# A fatal error has been detected by the Java Runtime Environment:
#
#  EXCEPTION_ACCESS_VIOLATION (0xc0000005) at pc=0x00000000548fa0a5, pid=15516, tid=0x0000000000000fc0
#
# JRE version: Java(TM) SE Runtime Environment (8.0_101-b13) (build 1.8.0_101-b13)
# Java VM: Java HotSpot(TM) 64-Bit Server VM (25.101-b13 mixed mode windows-amd64 compressed oops)
# Problematic frame:
# V  [jvm.dll+0x12a0a5]
#
# Failed to write core dump. Minidumps are not enabled by default on client versions of Windows
#
# If you would like to submit a bug report, please visit:
#   http://bugreport.java.com/bugreport/crash.jsp
#

---------------  T H R E A D  ---------------

Current thread (0x000000001c727800):  JavaThread "JDWP Transport Listener: dt_socket" daemon [_thread_in_vm, id=4032, stack(0x000000001e0a0000,0x000000001e1a0000)]

siginfo: ExceptionCode=0xc0000005, reading address 0xffffffffffffffff

Registers:
RAX=0x000000001e19f101, RBX=0x000000001c727800, RCX=0x6573726150726574, RDX=0x0000000000000000
RSP=0x000000001e19f160, RBP=0x6573726150726574, RSI=0x000000001e19f278, RDI=0x0000000002f4dd10
R8 =0x000000001c727800, R9 =0x0000000002d71bc0, R10=0x0000000002d70210, R11=0x000000001f5c2110
R12=0x0000000000000000, R13=0x000000001c71ba38, R14=0x0000000000000000, R15=0x0000000000000000
RIP=0x00000000548fa0a5, EFLAGS=0x0000000000010206

Top of Stack: (sp=0x000000001e19f160)
0x000000001e19f160:   000000001c727800 000000001c727800
0x000000001e19f170:   000000001e19f228 0000000054b02f0b
0x000000001e19f180:   000000001c727800 0000000054b1f76d
0x000000001e19f190:   000000000000008c 00000000555d9155
0x000000001e19f1a0:   0000000025a63220 00000000555e291e
0x000000001e19f1b0:   000000001c727800 0000000000000000
0x000000001e19f1c0:   0000000000000000 0000000000000000
0x000000001e19f1d0:   6573726150726574 00000000555e1a15
0x000000001e19f1e0:   000000001e19f278 000000001e19f250
0x000000001e19f1f0:   0000000000000001 0000000025a63220
0x000000001e19f200:   6573726150726574 00000000555c53b3
0x000000001e19f210:   000000001e19f340 0000000000000001
0x000000001e19f220:   0000000000000001 0000000025a63220
0x000000001e19f230:   0000000000000002 0000000000000000
0x000000001e19f240:   0000000000000000 0000000000000000
0x000000001e19f250:   0000000000000001 00000000555c5571 

Instructions: (pc=0x00000000548fa0a5)
0x00000000548fa085:   cc cc cc cc cc cc cc cc cc cc cc 48 83 ec 28 48
0x00000000548fa095:   85 c9 75 07 33 c0 48 83 c4 28 c3 48 89 5c 24 20
0x00000000548fa0a5:   48 8b 19 48 85 db 74 20 48 83 fb 37 74 1a 48 8b
0x00000000548fa0b5:   13 48 8b cb ff 52 10 84 c0 74 0d 48 8b c3 48 8b 


Register to memory mapping:

RAX=0x000000001e19f101 is pointing into the stack for thread: 0x000000001c727800
RBX=0x000000001c727800 is a thread
RCX=0x6573726150726574 is an unknown value
RDX=0x0000000000000000 is an unknown value
RSP=0x000000001e19f160 is pointing into the stack for thread: 0x000000001c727800
RBP=0x6573726150726574 is an unknown value
RSI=0x000000001e19f278 is pointing into the stack for thread: 0x000000001c727800
RDI=0x0000000002f4dd10 is an unknown value
R8 =0x000000001c727800 is a thread
R9 =0x0000000002d71bc0 is an unknown value
R10=0x0000000002d70210 is an unknown value
R11=0x000000001f5c2110 is an unknown value
R12=0x0000000000000000 is an unknown value
R13=0x000000001c71ba38 is an unknown value
R14=0x0000000000000000 is an unknown value
R15=0x0000000000000000 is an unknown value


Stack: [0x000000001e0a0000,0x000000001e1a0000],  sp=0x000000001e19f160,  free space=1020k
Native frames: (J=compiled Java code, j=interpreted, Vv=VM code, C=native code)
V  [jvm.dll+0x12a0a5]
V  [jvm.dll+0x34f76d]
C  [jdwp.dll+0x21a15]
C  [jdwp.dll+0x53b3]
C  [jdwp.dll+0x5571]
C  [jdwp.dll+0xf0a8]
C  [jdwp.dll+0x1f2d5]
C  [jdwp.dll+0x1f4aa]
V  [jvm.dll+0x1bd258]
V  [jvm.dll+0x2451a4]
V  [jvm.dll+0x29c18a]
C  [msvcr100.dll+0x21d9f]
C  [msvcr100.dll+0x21e3b]
C  [KERNEL32.DLL+0x17974]
C  [ntdll.dll+0x6a271]


---------------  P R O C E S S  ---------------

Java Threads: ( => current thread )
  0x0000000020bce000 JavaThread "http-nio-8082-Acceptor" daemon [_thread_in_native, id=9728, stack(0x0000000031560000,0x0000000031660000)]
  0x0000000020bd1800 JavaThread "http-nio-8082-ClientPoller" daemon [_thread_in_native, id=11420, stack(0x0000000031460000,0x0000000031560000)]
  0x0000000020bcf800 JavaThread "http-nio-8082-exec-10" daemon [_thread_blocked, id=5816, stack(0x0000000031360000,0x0000000031460000)]
  0x0000000020bcd000 JavaThread "http-nio-8082-exec-9" daemon [_thread_blocked, id=14292, stack(0x0000000031260000,0x0000000031360000)]
  0x0000000020bcc800 JavaThread "http-nio-8082-exec-8" daemon [_thread_blocked, id=15864, stack(0x0000000031160000,0x0000000031260000)]
  0x0000000020bcb800 JavaThread "http-nio-8082-exec-7" daemon [_thread_blocked, id=14364, stack(0x0000000031060000,0x0000000031160000)]
  0x000000002099e800 JavaThread "http-nio-8082-exec-6" daemon [_thread_blocked, id=10708, stack(0x0000000030f60000,0x0000000031060000)]
  0x000000002099e000 JavaThread "http-nio-8082-exec-5" daemon [_thread_blocked, id=6480, stack(0x0000000030e60000,0x0000000030f60000)]
  0x000000002099a000 JavaThread "http-nio-8082-exec-4" daemon [_thread_blocked, id=17108, stack(0x0000000030d60000,0x0000000030e60000)]
  0x000000002099d000 JavaThread "http-nio-8082-exec-3" daemon [_thread_blocked, id=11348, stack(0x0000000030c60000,0x0000000030d60000)]
  0x000000002099f800 JavaThread "http-nio-8082-exec-2" daemon [_thread_blocked, id=16756, stack(0x0000000030b60000,0x0000000030c60000)]
  0x000000002099c800 JavaThread "http-nio-8082-exec-1" daemon [_thread_blocked, id=68, stack(0x0000000030a60000,0x0000000030b60000)]
  0x00000000209a0000 JavaThread "http-nio-8082-BlockPoller" daemon [_thread_in_native, id=3752, stack(0x0000000030960000,0x0000000030a60000)]
  0x000000002099b000 JavaThread "File Watcher" daemon [_thread_blocked, id=6624, stack(0x0000000030860000,0x0000000030960000)]
  0x0000000020992800 JavaThread "container-0" [_thread_blocked, id=6628, stack(0x0000000030760000,0x0000000030860000)]
  0x0000000020999800 JavaThread "Catalina-utility-2" [_thread_blocked, id=6660, stack(0x0000000030660000,0x0000000030760000)]
  0x0000000020992000 JavaThread "Catalina-utility-1" [_thread_blocked, id=6656, stack(0x0000000030560000,0x0000000030660000)]
  0x0000000020996800 JavaThread "HikariPool-2 housekeeper" daemon [_thread_blocked, id=6568, stack(0x0000000030360000,0x0000000030460000)]
  0x000000002099b800 JavaThread "DestroyJavaVM" [_thread_blocked, id=4280, stack(0x0000000002dc0000,0x0000000002ec0000)]
  0x0000000020995800 JavaThread "Live Reload Server" daemon [_thread_in_native, id=15880, stack(0x000000002ec60000,0x000000002ed60000)]
  0x0000000020bce800 JavaThread "mysql-cj-abandoned-connection-cleanup" daemon [_thread_blocked, id=13424, stack(0x0000000026890000,0x0000000026990000)]
  0x000000001e79e000 JavaThread "Service Thread" daemon [_thread_blocked, id=13072, stack(0x000000001f2a0000,0x000000001f3a0000)]
  0x000000001e76a000 JavaThread "C1 CompilerThread2" daemon [_thread_blocked, id=1604, stack(0x000000001e9a0000,0x000000001eaa0000)]
  0x000000001e768800 JavaThread "C2 CompilerThread1" daemon [_thread_blocked, id=15756, stack(0x000000001e8a0000,0x000000001e9a0000)]
  0x000000001e768000 JavaThread "C2 CompilerThread0" daemon [_thread_blocked, id=17252, stack(0x000000001e7a0000,0x000000001e8a0000)]
  0x000000001c72e800 JavaThread "JDWP Command Reader" daemon [_thread_in_native, id=11636, stack(0x000000001e2a0000,0x000000001e3a0000)]
  0x000000001c72b000 JavaThread "JDWP Event Helper Thread" daemon [_thread_blocked, id=17216, stack(0x000000001e1a0000,0x000000001e2a0000)]
=>0x000000001c727800 JavaThread "JDWP Transport Listener: dt_socket" daemon [_thread_in_vm, id=4032, stack(0x000000001e0a0000,0x000000001e1a0000)]
  0x000000001c713000 JavaThread "Attach Listener" daemon [_thread_blocked, id=4920, stack(0x000000001dc60000,0x000000001dd60000)]
  0x000000001c712000 JavaThread "Signal Dispatcher" daemon [_thread_blocked, id=11768, stack(0x000000001db60000,0x000000001dc60000)]
  0x000000001c6fa000 JavaThread "Finalizer" daemon [_thread_blocked, id=4356, stack(0x000000001d960000,0x000000001da60000)]
  0x000000001c6d8800 JavaThread "Reference Handler" daemon [_thread_blocked, id=11512, stack(0x000000001d860000,0x000000001d960000)]

Other Threads:
  0x000000001c6d7000 VMThread [stack: 0x000000001d760000,0x000000001d860000] [id=3960]
  0x000000001ebab000 WatcherThread [stack: 0x000000001f3a0000,0x000000001f4a0000] [id=11460]

VM state:not at safepoint (normal execution)

VM Mutex/Monitor currently owned by a thread: None

Heap:
 PSYoungGen      total 350720K, used 211834K [0x000000076b980000, 0x0000000787800000, 0x00000007c0000000)
  eden space 332800K, 63% used [0x000000076b980000,0x000000077885e958,0x000000077fe80000)
  from space 17920K, 0% used [0x000000077fe80000,0x000000077fe80000,0x0000000781000000)
  to   space 17920K, 0% used [0x0000000786680000,0x0000000786680000,0x0000000787800000)
 ParOldGen       total 228864K, used 26452K [0x00000006c2c00000, 0x00000006d0b80000, 0x000000076b980000)
  object space 228864K, 11% used [0x00000006c2c00000,0x00000006c45d53e0,0x00000006d0b80000)
 Metaspace       used 63884K, capacity 66244K, committed 66324K, reserved 1105920K
  class space    used 8487K, capacity 8906K, committed 8980K, reserved 1048576K

Card table byte_map: [0x00000000125a0000,0x0000000012d90000] byte_map_base: 0x000000000ef8a000

Marking Bits: (ParMarkBitMap*) 0x0000000054fea6d0
 Begin Bits: [0x00000000136e0000, 0x0000000017630000)
 End Bits:   [0x0000000017630000, 0x000000001b580000)

Polling page: 0x0000000002d90000

CodeCache: size=245760Kb used=19917Kb max_used=19956Kb free=225842Kb
 bounds [0x00000000031e0000, 0x0000000004590000, 0x00000000121e0000]
 total_blobs=6443 nmethods=5882 adapters=480
 compilation: enabled

Compilation events (10 events):
Event: 335.685 Thread 0x000000001e768800 nmethod 6948 0x00000000044f4d50 code [0x00000000044f4ea0, 0x00000000044f4f98]
Event: 335.685 Thread 0x000000001e768800 6804       4       org.springframework.core.SimpleAliasRegistry::canonicalName (28 bytes)
Event: 335.696 Thread 0x000000001e768800 nmethod 6804 0x000000000450eb90 code [0x000000000450ed00, 0x000000000450f428]
Event: 335.712 Thread 0x000000001e768000 nmethod 6866 0x0000000004574250 code [0x00000000045746c0, 0x000000000457ab18]
Event: 337.110 Thread 0x000000001e76a000 6961       3       org.springframework.boot.devtools.filewatch.FileSnapshot::equals (110 bytes)
Event: 337.111 Thread 0x000000001e76a000 nmethod 6961 0x000000000450bd50 code [0x000000000450bf40, 0x000000000450cb28]
Event: 377.370 Thread 0x000000001e76a000 6962       1       sun.misc.URLClassPath$FileLoader$1::getURL (5 bytes)
Event: 377.370 Thread 0x000000001e76a000 nmethod 6962 0x000000000450ba90 code [0x000000000450bbe0, 0x000000000450bcf0]
Event: 379.731 Thread 0x000000001e768800 6963   !   4       java.util.AbstractSet::equals (48 bytes)
Event: 379.736 Thread 0x000000001e768800 nmethod 6963 0x00000000033b1190 code [0x00000000033b12e0, 0x00000000033b14b8]

GC Heap History (10 events):
Event: 12.173 GC heap before
{Heap before GC invocations=11 (full 2):
 PSYoungGen      total 281600K, used 281301K [0x000000076b980000, 0x000000077e080000, 0x00000007c0000000)
  eden space 269824K, 100% used [0x000000076b980000,0x000000077c100000,0x000000077c100000)
  from space 11776K, 97% used [0x000000077d500000,0x000000077e0356b0,0x000000077e080000)
  to   space 13824K, 0% used [0x000000077c580000,0x000000077c580000,0x000000077d300000)
 ParOldGen       total 166912K, used 14963K [0x00000006c2c00000, 0x00000006ccf00000, 0x000000076b980000)
  object space 166912K, 8% used [0x00000006c2c00000,0x00000006c3a9cca0,0x00000006ccf00000)
 Metaspace       used 55532K, capacity 57516K, committed 57600K, reserved 1099776K
  class space    used 7495K, capacity 7881K, committed 7936K, reserved 1048576K
Event: 12.198 GC heap after
Heap after GC invocations=11 (full 2):
 PSYoungGen      total 288256K, used 13800K [0x000000076b980000, 0x0000000782180000, 0x00000007c0000000)
  eden space 274432K, 0% used [0x000000076b980000,0x000000076b980000,0x000000077c580000)
  from space 13824K, 99% used [0x000000077c580000,0x000000077d2fa080,0x000000077d300000)
  to   space 17920K, 0% used [0x0000000781000000,0x0000000781000000,0x0000000782180000)
 ParOldGen       total 166912K, used 20869K [0x00000006c2c00000, 0x00000006ccf00000, 0x000000076b980000)
  object space 166912K, 12% used [0x00000006c2c00000,0x00000006c4061518,0x00000006ccf00000)
 Metaspace       used 55532K, capacity 57516K, committed 57600K, reserved 1099776K
  class space    used 7495K, capacity 7881K, committed 7936K, reserved 1048576K
}
Event: 12.631 GC heap before
{Heap before GC invocations=12 (full 2):
 PSYoungGen      total 288256K, used 70149K [0x000000076b980000, 0x0000000782180000, 0x00000007c0000000)
  eden space 274432K, 20% used [0x000000076b980000,0x000000076f087410,0x000000077c580000)
  from space 13824K, 99% used [0x000000077c580000,0x000000077d2fa080,0x000000077d300000)
  to   space 17920K, 0% used [0x0000000781000000,0x0000000781000000,0x0000000782180000)
 ParOldGen       total 166912K, used 20869K [0x00000006c2c00000, 0x00000006ccf00000, 0x000000076b980000)
  object space 166912K, 12% used [0x00000006c2c00000,0x00000006c4061518,0x00000006ccf00000)
 Metaspace       used 56936K, capacity 58962K, committed 59028K, reserved 1099776K
  class space    used 7701K, capacity 8066K, committed 8084K, reserved 1048576K
Event: 12.650 GC heap after
Heap after GC invocations=12 (full 2):
 PSYoungGen      total 350720K, used 12202K [0x000000076b980000, 0x0000000783a80000, 0x00000007c0000000)
  eden space 332800K, 0% used [0x000000076b980000,0x000000076b980000,0x000000077fe80000)
  from space 17920K, 68% used [0x0000000781000000,0x0000000781bea9f8,0x0000000782180000)
  to   space 17920K, 0% used [0x000000077fe80000,0x000000077fe80000,0x0000000781000000)
 ParOldGen       total 166912K, used 20877K [0x00000006c2c00000, 0x00000006ccf00000, 0x000000076b980000)
  object space 166912K, 12% used [0x00000006c2c00000,0x00000006c4063518,0x00000006ccf00000)
 Metaspace       used 56936K, capacity 58962K, committed 59028K, reserved 1099776K
  class space    used 7701K, capacity 8066K, committed 8084K, reserved 1048576K
}
Event: 12.650 GC heap before
{Heap before GC invocations=13 (full 3):
 PSYoungGen      total 350720K, used 12202K [0x000000076b980000, 0x0000000783a80000, 0x00000007c0000000)
  eden space 332800K, 0% used [0x000000076b980000,0x000000076b980000,0x000000077fe80000)
  from space 17920K, 68% used [0x0000000781000000,0x0000000781bea9f8,0x0000000782180000)
  to   space 17920K, 0% used [0x000000077fe80000,0x000000077fe80000,0x0000000781000000)
 ParOldGen       total 166912K, used 20877K [0x00000006c2c00000, 0x00000006ccf00000, 0x000000076b980000)
  object space 166912K, 12% used [0x00000006c2c00000,0x00000006c4063518,0x00000006ccf00000)
 Metaspace       used 56936K, capacity 58962K, committed 59028K, reserved 1099776K
  class space    used 7701K, capacity 8066K, committed 8084K, reserved 1048576K
Event: 12.855 GC heap after
Heap after GC invocations=13 (full 3):
 PSYoungGen      total 350720K, used 0K [0x000000076b980000, 0x0000000783a80000, 0x00000007c0000000)
  eden space 332800K, 0% used [0x000000076b980000,0x000000076b980000,0x000000077fe80000)
  from space 17920K, 0% used [0x0000000781000000,0x0000000781000000,0x0000000782180000)
  to   space 17920K, 0% used [0x000000077fe80000,0x000000077fe80000,0x0000000781000000)
 ParOldGen       total 228864K, used 24130K [0x00000006c2c00000, 0x00000006d0b80000, 0x000000076b980000)
  object space 228864K, 10% used [0x00000006c2c00000,0x00000006c4390b28,0x00000006d0b80000)
 Metaspace       used 56925K, capacity 58944K, committed 59028K, reserved 1099776K
  class space    used 7700K, capacity 8063K, committed 8084K, reserved 1048576K
}
Event: 331.887 GC heap before
{Heap before GC invocations=14 (full 3):
 PSYoungGen      total 350720K, used 176477K [0x000000076b980000, 0x0000000783a80000, 0x00000007c0000000)
  eden space 332800K, 53% used [0x000000076b980000,0x00000007765d7578,0x000000077fe80000)
  from space 17920K, 0% used [0x0000000781000000,0x0000000781000000,0x0000000782180000)
  to   space 17920K, 0% used [0x000000077fe80000,0x000000077fe80000,0x0000000781000000)
 ParOldGen       total 228864K, used 24130K [0x00000006c2c00000, 0x00000006d0b80000, 0x000000076b980000)
  object space 228864K, 10% used [0x00000006c2c00000,0x00000006c4390b28,0x00000006d0b80000)
 Metaspace       used 63009K, capacity 65284K, committed 65428K, reserved 1105920K
  class space    used 8445K, capacity 8836K, committed 8852K, reserved 1048576K
Event: 331.898 GC heap after
Heap after GC invocations=14 (full 3):
 PSYoungGen      total 350720K, used 6912K [0x000000076b980000, 0x0000000787800000, 0x00000007c0000000)
  eden space 332800K, 0% used [0x000000076b980000,0x000000076b980000,0x000000077fe80000)
  from space 17920K, 38% used [0x000000077fe80000,0x0000000780540010,0x0000000781000000)
  to   space 17920K, 0% used [0x0000000786680000,0x0000000786680000,0x0000000787800000)
 ParOldGen       total 228864K, used 24138K [0x00000006c2c00000, 0x00000006d0b80000, 0x000000076b980000)
  object space 228864K, 10% used [0x00000006c2c00000,0x00000006c4392b28,0x00000006d0b80000)
 Metaspace       used 63009K, capacity 65284K, committed 65428K, reserved 1105920K
  class space    used 8445K, capacity 8836K, committed 8852K, reserved 1048576K
}
Event: 331.898 GC heap before
{Heap before GC invocations=15 (full 4):
 PSYoungGen      total 350720K, used 6912K [0x000000076b980000, 0x0000000787800000, 0x00000007c0000000)
  eden space 332800K, 0% used [0x000000076b980000,0x000000076b980000,0x000000077fe80000)
  from space 17920K, 38% used [0x000000077fe80000,0x0000000780540010,0x0000000781000000)
  to   space 17920K, 0% used [0x0000000786680000,0x0000000786680000,0x0000000787800000)
 ParOldGen       total 228864K, used 24138K [0x00000006c2c00000, 0x00000006d0b80000, 0x000000076b980000)
  object space 228864K, 10% used [0x00000006c2c00000,0x00000006c4392b28,0x00000006d0b80000)
 Metaspace       used 63009K, capacity 65284K, committed 65428K, reserved 1105920K
  class space    used 8445K, capacity 8836K, committed 8852K, reserved 1048576K
Event: 332.356 GC heap after
Heap after GC invocations=15 (full 4):
 PSYoungGen      total 350720K, used 0K [0x000000076b980000, 0x0000000787800000, 0x00000007c0000000)
  eden space 332800K, 0% used [0x000000076b980000,0x000000076b980000,0x000000077fe80000)
  from space 17920K, 0% used [0x000000077fe80000,0x000000077fe80000,0x0000000781000000)
  to   space 17920K, 0% used [0x0000000786680000,0x0000000786680000,0x0000000787800000)
 ParOldGen       total 228864K, used 26452K [0x00000006c2c00000, 0x00000006d0b80000, 0x000000076b980000)
  object space 228864K, 11% used [0x00000006c2c00000,0x00000006c45d53e0,0x00000006d0b80000)
 Metaspace       used 63009K, capacity 65284K, committed 65428K, reserved 1105920K
  class space    used 8445K, capacity 8836K, committed 8852K, reserved 1048576K
}

Deoptimization events (10 events):
Event: 335.029 Thread 0x0000000020998800 Uncommon trap: reason=range_check action=none pc=0x00000000035d3ba4 method=sun.reflect.generics.parser.SignatureParser.current()C @ 34
Event: 335.029 Thread 0x0000000020998800 Uncommon trap: reason=range_check action=none pc=0x00000000035d3ba4 method=sun.reflect.generics.parser.SignatureParser.current()C @ 34
Event: 335.030 Thread 0x0000000020998800 Uncommon trap: reason=range_check action=none pc=0x00000000035d3ba4 method=sun.reflect.generics.parser.SignatureParser.current()C @ 34
Event: 335.030 Thread 0x0000000020998800 Uncommon trap: reason=range_check action=none pc=0x00000000035d3ba4 method=sun.reflect.generics.parser.SignatureParser.current()C @ 34
Event: 335.031 Thread 0x0000000020998800 Uncommon trap: reason=range_check action=none pc=0x00000000035d3ba4 method=sun.reflect.generics.parser.SignatureParser.current()C @ 34
Event: 335.048 Thread 0x0000000020998800 Uncommon trap: reason=range_check action=none pc=0x00000000035d3ba4 method=sun.reflect.generics.parser.SignatureParser.current()C @ 34
Event: 335.056 Thread 0x0000000020998800 Uncommon trap: reason=range_check action=none pc=0x00000000035d3ba4 method=sun.reflect.generics.parser.SignatureParser.current()C @ 34
Event: 335.083 Thread 0x0000000020998800 Uncommon trap: reason=range_check action=none pc=0x00000000035d3ba4 method=sun.reflect.generics.parser.SignatureParser.current()C @ 34
Event: 335.083 Thread 0x0000000020998800 Uncommon trap: reason=range_check action=none pc=0x00000000035d3ba4 method=sun.reflect.generics.parser.SignatureParser.current()C @ 34
Event: 335.146 Thread 0x0000000020998800 Uncommon trap: reason=bimorphic action=maybe_recompile pc=0x000000000438f1a4 method=java.util.Collections$UnmodifiableCollection.contains(Ljava/lang/Object;)Z @ 5

Internal exceptions (10 events):
Event: 335.029 Thread 0x0000000020998800 Exception <a 'java/lang/ArrayIndexOutOfBoundsException': 114> (0x0000000776fc03c8) thrown at [C:\re\workspace\8-2-build-windows-amd64-cygwin\jdk8u101\7261\hotspot\src\share\vm\interpreter\interpreterRuntime.cpp, line 366]
Event: 335.029 Thread 0x0000000020998800 Exception <a 'java/lang/ArrayIndexOutOfBoundsException': 114> (0x0000000776fc2920) thrown at [C:\re\workspace\8-2-build-windows-amd64-cygwin\jdk8u101\7261\hotspot\src\share\vm\interpreter\interpreterRuntime.cpp, line 366]
Event: 335.029 Thread 0x0000000020998800 Exception <a 'java/lang/ArrayIndexOutOfBoundsException': 114> (0x0000000776fc4e78) thrown at [C:\re\workspace\8-2-build-windows-amd64-cygwin\jdk8u101\7261\hotspot\src\share\vm\interpreter\interpreterRuntime.cpp, line 366]
Event: 335.030 Thread 0x0000000020998800 Exception <a 'java/lang/ArrayIndexOutOfBoundsException': 55> (0x0000000776fe8b80) thrown at [C:\re\workspace\8-2-build-windows-amd64-cygwin\jdk8u101\7261\hotspot\src\share\vm\interpreter\interpreterRuntime.cpp, line 366]
Event: 335.030 Thread 0x0000000020998800 Exception <a 'java/lang/ArrayIndexOutOfBoundsException': 55> (0x0000000776fea198) thrown at [C:\re\workspace\8-2-build-windows-amd64-cygwin\jdk8u101\7261\hotspot\src\share\vm\interpreter\interpreterRuntime.cpp, line 366]
Event: 335.031 Thread 0x0000000020998800 Exception <a 'java/lang/ArrayIndexOutOfBoundsException': 8> (0x0000000776fee5a0) thrown at [C:\re\workspace\8-2-build-windows-amd64-cygwin\jdk8u101\7261\hotspot\src\share\vm\interpreter\interpreterRuntime.cpp, line 366]
Event: 335.048 Thread 0x0000000020998800 Exception <a 'java/lang/ArrayIndexOutOfBoundsException': 159> (0x000000077713a5e0) thrown at [C:\re\workspace\8-2-build-windows-amd64-cygwin\jdk8u101\7261\hotspot\src\share\vm\interpreter\interpreterRuntime.cpp, line 366]
Event: 335.056 Thread 0x0000000020998800 Exception <a 'java/lang/ArrayIndexOutOfBoundsException': 234> (0x00000007771d4280) thrown at [C:\re\workspace\8-2-build-windows-amd64-cygwin\jdk8u101\7261\hotspot\src\share\vm\interpreter\interpreterRuntime.cpp, line 366]
Event: 335.083 Thread 0x0000000020998800 Exception <a 'java/lang/ArrayIndexOutOfBoundsException': 6> (0x00000007772c4730) thrown at [C:\re\workspace\8-2-build-windows-amd64-cygwin\jdk8u101\7261\hotspot\src\share\vm\interpreter\interpreterRuntime.cpp, line 366]
Event: 335.083 Thread 0x0000000020998800 Exception <a 'java/lang/ArrayIndexOutOfBoundsException': 6> (0x00000007772c5d50) thrown at [C:\re\workspace\8-2-build-windows-amd64-cygwin\jdk8u101\7261\hotspot\src\share\vm\interpreter\interpreterRuntime.cpp, line 366]

Events (10 events):
Event: 344.651 Executing VM operation: RevokeBias
Event: 344.652 Executing VM operation: RevokeBias done
Event: 344.652 Executing VM operation: RevokeBias
Event: 344.652 Executing VM operation: RevokeBias done
Event: 344.652 Executing VM operation: RevokeBias
Event: 344.652 Executing VM operation: RevokeBias done
Event: 377.370 Thread 0x000000001e76a000 flushing nmethod 0x00000000033b0fd0
Event: 379.737 Thread 0x000000001e768800 flushing nmethod 0x0000000003436cd0
Event: 381.120 Executing VM operation: RedefineClasses
Event: 381.202 Executing VM operation: RedefineClasses done


Dynamic libraries:
0x00007ff6a68d0000 - 0x00007ff6a6907000 	C:\Program Files\Java\jdk1.8.0_101\bin\javaw.exe
0x00007ffb17be0000 - 0x00007ffb17dcd000 	C:\WINDOWS\SYSTEM32\ntdll.dll
0x00007ffb16da0000 - 0x00007ffb16e53000 	C:\WINDOWS\System32\KERNEL32.DLL
0x00007ffb13e70000 - 0x00007ffb14103000 	C:\WINDOWS\System32\KERNELBASE.dll
0x00007ffb16610000 - 0x00007ffb166b3000 	C:\WINDOWS\System32\ADVAPI32.dll
0x00007ffb16d00000 - 0x00007ffb16d9e000 	C:\WINDOWS\System32\msvcrt.dll
0x00007ffb171d0000 - 0x00007ffb1726e000 	C:\WINDOWS\System32\sechost.dll
0x00007ffb166c0000 - 0x00007ffb167e2000 	C:\WINDOWS\System32\RPCRT4.dll
0x00007ffb16e60000 - 0x00007ffb16ff7000 	C:\WINDOWS\System32\USER32.dll
0x00007ffb141d0000 - 0x00007ffb141f0000 	C:\WINDOWS\System32\win32u.dll
0x00007ffb17630000 - 0x00007ffb17659000 	C:\WINDOWS\System32\GDI32.dll
0x00007ffb144b0000 - 0x00007ffb14649000 	C:\WINDOWS\System32\gdi32full.dll
0x00007ffb14130000 - 0x00007ffb141d0000 	C:\WINDOWS\System32\msvcp_win.dll
0x00007ffb13cf0000 - 0x00007ffb13dea000 	C:\WINDOWS\System32\ucrtbase.dll
0x00007ffb12ad0000 - 0x00007ffb12d49000 	C:\WINDOWS\WinSxS\amd64_microsoft.windows.common-controls_6595b64144ccf1df_6.0.17763.737_none_05b6437c071e554b\COMCTL32.dll
0x00007ffb17710000 - 0x00007ffb17a3c000 	C:\WINDOWS\System32\combase.dll
0x00007ffb13df0000 - 0x00007ffb13e6e000 	C:\WINDOWS\System32\bcryptPrimitives.dll
0x00007ffb165e0000 - 0x00007ffb1660e000 	C:\WINDOWS\System32\IMM32.DLL
0x00007ffae8320000 - 0x00007ffae83d1000 	C:\Program Files\McAfee\Endpoint Security\Threat Prevention\Ips\EpMPApi.dll
0x00007ffb14da0000 - 0x00007ffb14df9000 	C:\WINDOWS\System32\WINTRUST.dll
0x00007ffb13bf0000 - 0x00007ffb13c02000 	C:\WINDOWS\System32\MSASN1.dll
0x00007ffb14220000 - 0x00007ffb143fb000 	C:\WINDOWS\System32\CRYPT32.dll
0x00000000550a0000 - 0x00000000550ac000 	C:\Program Files\McAfee\Endpoint Security\Threat Prevention\Ips\EpMPThe.dll
0x0000000055600000 - 0x00000000556d2000 	C:\Program Files\Java\jdk1.8.0_101\jre\bin\msvcr100.dll
0x00000000547d0000 - 0x000000005506a000 	C:\Program Files\Java\jdk1.8.0_101\jre\bin\server\jvm.dll
0x00007ffb170d0000 - 0x00007ffb170d8000 	C:\WINDOWS\System32\PSAPI.DLL
0x00007ffb03c00000 - 0x00007ffb03c09000 	C:\WINDOWS\SYSTEM32\WSOCK32.dll
0x00007ffb09c80000 - 0x00007ffb09ca4000 	C:\WINDOWS\SYSTEM32\WINMM.dll
0x00007ffb17160000 - 0x00007ffb171cd000 	C:\WINDOWS\System32\WS2_32.dll
0x00007ffb09c50000 - 0x00007ffb09c7d000 	C:\WINDOWS\SYSTEM32\WINMMBASE.dll
0x00007ffb13ca0000 - 0x00007ffb13cea000 	C:\WINDOWS\System32\cfgmgr32.dll
0x00007ffb09db0000 - 0x00007ffb09dba000 	C:\WINDOWS\SYSTEM32\VERSION.dll
0x0000000055300000 - 0x000000005530f000 	C:\Program Files\Java\jdk1.8.0_101\jre\bin\verify.dll
0x00000000552d0000 - 0x00000000552f9000 	C:\Program Files\Java\jdk1.8.0_101\jre\bin\java.dll
0x00000000555c0000 - 0x00000000555f5000 	C:\Program Files\Java\jdk1.8.0_101\jre\bin\jdwp.dll
0x00000000555b0000 - 0x00000000555b8000 	C:\Program Files\Java\jdk1.8.0_101\jre\bin\npt.dll
0x0000000055210000 - 0x0000000055233000 	C:\Program Files\Java\jdk1.8.0_101\jre\bin\instrument.dll
0x00000000552b0000 - 0x00000000552c6000 	C:\Program Files\Java\jdk1.8.0_101\jre\bin\zip.dll
0x00007ffb15080000 - 0x00007ffb16572000 	C:\WINDOWS\System32\SHELL32.dll
0x00007ffb17660000 - 0x00007ffb17708000 	C:\WINDOWS\System32\shcore.dll
0x00007ffb14650000 - 0x00007ffb14d9a000 	C:\WINDOWS\System32\windows.storage.dll
0x00007ffb13c70000 - 0x00007ffb13c94000 	C:\WINDOWS\System32\profapi.dll
0x00007ffb13c10000 - 0x00007ffb13c6d000 	C:\WINDOWS\System32\powrprof.dll
0x00007ffb17010000 - 0x00007ffb17062000 	C:\WINDOWS\System32\shlwapi.dll
0x00007ffb13bd0000 - 0x00007ffb13be1000 	C:\WINDOWS\System32\kernel.appcore.dll
0x00007ffb14110000 - 0x00007ffb14127000 	C:\WINDOWS\System32\cryptsp.dll
0x00000000555a0000 - 0x00000000555a9000 	C:\Program Files\Java\jdk1.8.0_101\jre\bin\dt_socket.dll
0x00007ffafb290000 - 0x00007ffafb2a6000 	C:\WINDOWS\system32\napinsp.dll
0x00007ffafa250000 - 0x00007ffafa26a000 	C:\WINDOWS\system32\pnrpnsp.dll
0x00007ffb13440000 - 0x00007ffb134a7000 	C:\WINDOWS\System32\mswsock.dll
0x00007ffb131a0000 - 0x00007ffb13266000 	C:\WINDOWS\SYSTEM32\DNSAPI.dll
0x00007ffb17000000 - 0x00007ffb17008000 	C:\WINDOWS\System32\NSI.dll
0x00007ffb13160000 - 0x00007ffb1319d000 	C:\WINDOWS\SYSTEM32\IPHLPAPI.DLL
0x00007ffafb230000 - 0x00007ffafb23e000 	C:\WINDOWS\System32\winrnr.dll
0x00007ffb0fcd0000 - 0x00007ffb0fceb000 	C:\WINDOWS\system32\NLAapi.dll
0x00007ffb0c040000 - 0x00007ffb0c055000 	C:\WINDOWS\system32\wshbth.dll
0x00007ffb0ec10000 - 0x00007ffb0ec89000 	C:\WINDOWS\System32\fwpuclnt.dll
0x00007ffb141f0000 - 0x00007ffb14216000 	C:\WINDOWS\System32\bcrypt.dll
0x00007ffb07700000 - 0x00007ffb0770a000 	C:\Windows\System32\rasadhlp.dll
0x0000000055590000 - 0x000000005559d000 	C:\Program Files\Java\jdk1.8.0_101\jre\bin\management.dll
0x0000000055290000 - 0x00000000552aa000 	C:\Program Files\Java\jdk1.8.0_101\jre\bin\net.dll
0x0000000055270000 - 0x0000000055281000 	C:\Program Files\Java\jdk1.8.0_101\jre\bin\nio.dll
0x00007ffb12fc0000 - 0x00007ffb12ff3000 	C:\WINDOWS\system32\rsaenh.dll
0x00007ffb13ad0000 - 0x00007ffb13af8000 	C:\WINDOWS\SYSTEM32\USERENV.dll
0x00007ffb13610000 - 0x00007ffb1361c000 	C:\WINDOWS\SYSTEM32\CRYPTBASE.dll
0x00007ffb0db80000 - 0x00007ffb0db96000 	C:\WINDOWS\SYSTEM32\dhcpcsvc6.DLL
0x00007ffb0db60000 - 0x00007ffb0db7c000 	C:\WINDOWS\SYSTEM32\dhcpcsvc.DLL
0x0000000055240000 - 0x0000000055264000 	C:\Program Files\Java\jdk1.8.0_101\jre\bin\sunec.dll
0x00007ffaff7d0000 - 0x00007ffaff9bd000 	C:\WINDOWS\SYSTEM32\dbghelp.dll

VM Arguments:
jvm_args: -agentlib:jdwp=transport=dt_socket,suspend=y,address=localhost:57764 -javaagent:C:\Users\myelchur\eclipse\jee-2019-092\eclipse\configuration\org.eclipse.osgi\412\0\.cp\lib\javaagent-shaded.jar -Dfile.encoding=UTF-8 
java_command: com.restaurant.restaurant_management.RestaurantManagementApplication
java_class_path (initial): C:\Users\myelchur\git\repository2\restaurant_management3\target\classes;C:\Users\myelchur\.m2\repository\org\springframework\boot\spring-boot-starter-data-jdbc\2.1.8.RELEASE\spring-boot-starter-data-jdbc-2.1.8.RELEASE.jar;C:\Users\myelchur\.m2\repository\org\springframework\boot\spring-boot-starter-jdbc\2.1.8.RELEASE\spring-boot-starter-jdbc-2.1.8.RELEASE.jar;C:\Users\myelchur\.m2\repository\com\zaxxer\HikariCP\3.2.0\HikariCP-3.2.0.jar;C:\Users\myelchur\.m2\repository\org\springframework\spring-jdbc\5.1.9.RELEASE\spring-jdbc-5.1.9.RELEASE.jar;C:\Users\myelchur\.m2\repository\org\springframework\data\spring-data-jdbc\1.0.10.RELEASE\spring-data-jdbc-1.0.10.RELEASE.jar;C:\Users\myelchur\.m2\repository\org\springframework\data\spring-data-commons\2.1.10.RELEASE\spring-data-commons-2.1.10.RELEASE.jar;C:\Users\myelchur\.m2\repository\org\springframework\spring-tx\5.1.9.RELEASE\spring-tx-5.1.9.RELEASE.jar;C:\Users\myelchur\.m2\repository\org\springframework\spring-context\5.1.9.RELEASE\spring-context-5.1.9.RELEASE.jar;C:\Users\myelchur\.m2\repository\org\springframework\spring-beans\5.1.9.RELEASE\spring-beans-5.1.9.RELEASE.jar;C:\Users\myelchur\.m2\repository\org\slf4j\slf4j-api\1.7.28\slf4j-api-1.7.28.jar;C:\Users\myelchur\.m2\repository\org\springframework\boot\spring-boot-starter-data-jpa\2.1.8.RELEASE\spring-boot-starter-data-jpa-2.1.8.RELEASE.jar;C:\Users\myelchur\.m2\repository\org\springframework\boot\spring-boot-starter-aop\2.1.8.RELEASE\spring-boot-starter-aop-2.1.8.RELEASE.jar;C:\Users\myelchur\.m2\repository\org\aspectj\aspectjweaver\1.9.4\aspectjweaver-1.9.4.jar;C:\Users\myelchur\.m2\repository\javax\transaction\javax.transaction-api\1.3\javax.transaction-api-1.3.jar;C:\Users\myelchur\.m2\repository\javax\xml\bind\jaxb-api\2.3.1\jaxb-api-2.3.1.jar;C:\Users\myelchur\.m2\repository\javax\activation\javax.activation-api\1.2.0\javax.activation-api-1.2.0.jar;C:\Users\myelchur\.m2\repository\org\hibernate\hibernate-core\5.3.11.Final\hiber
Launcher Type: SUN_STANDARD

Environment Variables:
JAVA_HOME=C:\Program Files\Java\jdk1.8.0_101
JRE_HOME=C:\Program Files\Java\jre1.8.0_191
CLASSPATH=C:\Program Files\Java\jdk1.8.0_101\bin;C:\Program Files\Java\jre1.8.0_191\bin;C:\Program Files\apache-tomcat-8.5.29\lib
PATH=C:\Program Files\Java\jdk1.8.0_101\jre\bin;C:/Program Files/Java/jdk1.8.0_101/jre/bin/server;C:/Program Files/Java/jdk1.8.0_101/jre/bin;C:/Program Files/Java/jdk1.8.0_101/jre/lib/amd64;C:\Program Files (x86)\Common Files\Oracle\Java\javapath;C:\oraclexe\app\oracle\product\11.2.0\server\bin;D:\app\OracleHomeUser3\product\12.1.0\dbhome_1\bin;D:\app\OracleHomeUser1\product\12.1.0\dbhome_1\bin;C:\WINDOWS\system32;C:\WINDOWS;C:\WINDOWS\System32\Wbem;C:\WINDOWS\System32\WindowsPowerShell\v1.0\;C:\Program Files (x86)\Skype\Phone\;C:\WINDOWS\System32\OpenSSH\;C:\Program Files (x86)\Sennheiser\SoftphoneSDK\;C:\Users\myelchur\Desktop\apache-maven-3.6.2-bin;C:\Users\myelchur\AppData\Local\Microsoft\WindowsApps;C:\Program Files\Java\jdk1.8.0_101\bin\;C:\Program Files\apache-maven-3.6.0\bin;C:\Program Files\nodejs;C:\Users\myelchur\AppData\Roaming\npm;;C:\Users\myelchur\Desktop;
USERNAME=myelchur
OS=Windows_NT
PROCESSOR_IDENTIFIER=Intel64 Family 6 Model 78 Stepping 3, GenuineIntel



---------------  S Y S T E M  ---------------

OS: Windows 10.0 , 64 bit Build 17763 (10.0.17763.475)

CPU:total 4 (2 cores per cpu, 2 threads per core) family 6 model 78 stepping 3, cmov, cx8, fxsr, mmx, sse, sse2, sse3, ssse3, sse4.1, sse4.2, popcnt, avx, avx2, aes, clmul, erms, rtm, 3dnowpref, lzcnt, ht, tsc, tscinvbit, bmi1, bmi2, adx

Memory: 4k page, physical 16593916k(9876880k free), swap 19084284k(11563172k free)

vm_info: Java HotSpot(TM) 64-Bit Server VM (25.101-b13) for windows-amd64 JRE (1.8.0_101-b13), built on Jun 22 2016 01:21:29 by "java_re" with MS VC++ 10.0 (VS2010)

time: Sun Sep 29 10:50:36 2019
elapsed time: 381 seconds (0d 0h 6m 21s)

