#
# A fatal error has been detected by the Java Runtime Environment:
#
#  EXCEPTION_ACCESS_VIOLATION (0xc0000005) at pc=0x00000000548fa0a5, pid=1156, tid=0x0000000000000dcc
#
# JRE version: Java(TM) SE Runtime Environment (8.0_101-b13) (build 1.8.0_101-b13)
# Java VM: Java HotSpot(TM) 64-Bit Server VM (25.101-b13 mixed mode windows-amd64 compressed oops)
# Problematic frame:
# V  [jvm.dll+0x12a0a5]
#
# Failed to write core dump. Minidumps are not enabled by default on client versions of Windows
#
# If you would like to submit a bug report, please visit:
#   http://bugreport.java.com/bugreport/crash.jsp
#

---------------  T H R E A D  ---------------

Current thread (0x000000001bef7800):  JavaThread "JDWP Transport Listener: dt_socket" daemon [_thread_in_vm, id=3532, stack(0x000000001d890000,0x000000001d990000)]

siginfo: ExceptionCode=0xc0000005, reading address 0xffffffffffffffff

Registers:
RAX=0x000000001d98f601, RBX=0x000000001bef7800, RCX=0x706d496563697672, RDX=0x0000000000000000
RSP=0x000000001d98f5b0, RBP=0x706d496563697672, RSI=0x000000001d98f6c8, RDI=0x00000000024fdd10
R8 =0x000000001bef7800, R9 =0x0000000000008000, R10=0x746e617275617473, R11=0x0000000023639304
R12=0x0000000000000000, R13=0x000000001beeba38, R14=0x0000000000000000, R15=0x0000000000000000
RIP=0x00000000548fa0a5, EFLAGS=0x0000000000010206

Top of Stack: (sp=0x000000001d98f5b0)
0x000000001d98f5b0:   000000001bef7800 000000001bef7800
0x000000001d98f5c0:   000000001d98f678 0000000054b02f0b
0x000000001d98f5d0:   000000001bef7800 0000000054b1f76d
0x000000001d98f5e0:   000000000000008c 00000000555d9155
0x000000001d98f5f0:   0000000021006a00 00000000555e291e
0x000000001d98f600:   000000001bef7800 0000000000000000
0x000000001d98f610:   0000000000000000 0000000000000000
0x000000001d98f620:   706d496563697672 00000000555e1a15
0x000000001d98f630:   000000001d98f6c8 000000001d98f6a0
0x000000001d98f640:   0000000000000001 0000000021006a00
0x000000001d98f650:   706d496563697672 00000000555c53b3
0x000000001d98f660:   000000001d98f790 0000000000000001
0x000000001d98f670:   0000000000000001 0000000021006a00
0x000000001d98f680:   0000000000000002 0000000000000000
0x000000001d98f690:   0000000000000000 0000000000000000
0x000000001d98f6a0:   0000000000000001 00000000555c5571 

Instructions: (pc=0x00000000548fa0a5)
0x00000000548fa085:   cc cc cc cc cc cc cc cc cc cc cc 48 83 ec 28 48
0x00000000548fa095:   85 c9 75 07 33 c0 48 83 c4 28 c3 48 89 5c 24 20
0x00000000548fa0a5:   48 8b 19 48 85 db 74 20 48 83 fb 37 74 1a 48 8b
0x00000000548fa0b5:   13 48 8b cb ff 52 10 84 c0 74 0d 48 8b c3 48 8b 


Register to memory mapping:

RAX=0x000000001d98f601 is pointing into the stack for thread: 0x000000001bef7800
RBX=0x000000001bef7800 is a thread
RCX=0x706d496563697672 is an unknown value
RDX=0x0000000000000000 is an unknown value
RSP=0x000000001d98f5b0 is pointing into the stack for thread: 0x000000001bef7800
RBP=0x706d496563697672 is an unknown value
RSI=0x000000001d98f6c8 is pointing into the stack for thread: 0x000000001bef7800
RDI=0x00000000024fdd10 is an unknown value
R8 =0x000000001bef7800 is a thread
R9 =0x0000000000008000 is an unknown value
R10=0x746e617275617473 is an unknown value
R11=0x0000000023639304 is an unknown value
R12=0x0000000000000000 is an unknown value
R13=0x000000001beeba38 is an unknown value
R14=0x0000000000000000 is an unknown value
R15=0x0000000000000000 is an unknown value


Stack: [0x000000001d890000,0x000000001d990000],  sp=0x000000001d98f5b0,  free space=1021k
Native frames: (J=compiled Java code, j=interpreted, Vv=VM code, C=native code)
V  [jvm.dll+0x12a0a5]
V  [jvm.dll+0x34f76d]
C  [jdwp.dll+0x21a15]
C  [jdwp.dll+0x53b3]
C  [jdwp.dll+0x5571]
C  [jdwp.dll+0xf0a8]
C  [jdwp.dll+0x1f2d5]
C  [jdwp.dll+0x1f4aa]
V  [jvm.dll+0x1bd258]
V  [jvm.dll+0x2451a4]
V  [jvm.dll+0x29c18a]
C  [msvcr100.dll+0x21d9f]
C  [msvcr100.dll+0x21e3b]
C  [KERNEL32.DLL+0x17974]
C  [ntdll.dll+0x6a271]


---------------  P R O C E S S  ---------------

Java Threads: ( => current thread )
  0x0000000023407800 JavaThread "http-nio-8082-Acceptor" daemon [_thread_in_native, id=13272, stack(0x00000000306b0000,0x00000000307b0000)]
  0x0000000023406800 JavaThread "http-nio-8082-ClientPoller" daemon [_thread_in_native, id=14712, stack(0x00000000305b0000,0x00000000306b0000)]
  0x000000002340d800 JavaThread "http-nio-8082-exec-10" daemon [_thread_blocked, id=8388, stack(0x00000000304b0000,0x00000000305b0000)]
  0x000000002340c800 JavaThread "http-nio-8082-exec-9" daemon [_thread_blocked, id=2924, stack(0x00000000303b0000,0x00000000304b0000)]
  0x000000002340a800 JavaThread "http-nio-8082-exec-8" daemon [_thread_blocked, id=1496, stack(0x00000000302b0000,0x00000000303b0000)]
  0x000000002340b000 JavaThread "http-nio-8082-exec-7" daemon [_thread_blocked, id=5440, stack(0x00000000301b0000,0x00000000302b0000)]
  0x000000002340c000 JavaThread "http-nio-8082-exec-6" daemon [_thread_blocked, id=2000, stack(0x00000000300b0000,0x00000000301b0000)]
  0x0000000021f54000 JavaThread "http-nio-8082-exec-5" daemon [_thread_blocked, id=7768, stack(0x000000002ffb0000,0x00000000300b0000)]
  0x0000000021f52000 JavaThread "http-nio-8082-exec-4" daemon [_thread_blocked, id=7060, stack(0x000000002feb0000,0x000000002ffb0000)]
  0x0000000021f53800 JavaThread "http-nio-8082-exec-3" daemon [_thread_blocked, id=220, stack(0x000000002fdb0000,0x000000002feb0000)]
  0x0000000021f51000 JavaThread "http-nio-8082-exec-2" daemon [_thread_blocked, id=11652, stack(0x000000002fcb0000,0x000000002fdb0000)]
  0x0000000021f52800 JavaThread "http-nio-8082-exec-1" daemon [_thread_blocked, id=428, stack(0x000000002fbb0000,0x000000002fcb0000)]
  0x0000000021f50800 JavaThread "http-nio-8082-BlockPoller" daemon [_thread_in_native, id=16056, stack(0x000000002fab0000,0x000000002fbb0000)]
  0x0000000021f49000 JavaThread "File Watcher" daemon [_thread_blocked, id=15152, stack(0x000000002f9b0000,0x000000002fab0000)]
  0x0000000021f48000 JavaThread "container-0" [_thread_blocked, id=7572, stack(0x000000002f8b0000,0x000000002f9b0000)]
  0x0000000021f4f000 JavaThread "Catalina-utility-2" [_thread_blocked, id=5464, stack(0x000000002f7b0000,0x000000002f8b0000)]
  0x0000000021f4e000 JavaThread "Catalina-utility-1" [_thread_blocked, id=16240, stack(0x000000002f6b0000,0x000000002f7b0000)]
  0x0000000021f4c800 JavaThread "HikariPool-4 housekeeper" daemon [_thread_blocked, id=3396, stack(0x000000002f4b0000,0x000000002f5b0000)]
  0x0000000021f47800 JavaThread "DestroyJavaVM" [_thread_blocked, id=11432, stack(0x00000000025c0000,0x00000000026c0000)]
  0x000000002082e000 JavaThread "Live Reload Server" daemon [_thread_in_native, id=6268, stack(0x000000002aa40000,0x000000002ab40000)]
  0x0000000024f12000 JavaThread "mysql-cj-abandoned-connection-cleanup" daemon [_thread_blocked, id=9140, stack(0x0000000024050000,0x0000000024150000)]
  0x000000001e2e8800 JavaThread "Service Thread" daemon [_thread_blocked, id=240, stack(0x000000001ea90000,0x000000001eb90000)]
  0x000000001df5c800 JavaThread "C1 CompilerThread2" daemon [_thread_blocked, id=2120, stack(0x000000001e190000,0x000000001e290000)]
  0x000000001df59800 JavaThread "C2 CompilerThread1" daemon [_thread_blocked, id=5388, stack(0x000000001e090000,0x000000001e190000)]
  0x000000001df57800 JavaThread "C2 CompilerThread0" daemon [_thread_blocked, id=8648, stack(0x000000001df90000,0x000000001e090000)]
  0x000000001befe800 JavaThread "JDWP Command Reader" daemon [_thread_in_native, id=3720, stack(0x000000001da90000,0x000000001db90000)]
  0x000000001befb000 JavaThread "JDWP Event Helper Thread" daemon [_thread_blocked, id=3448, stack(0x000000001d990000,0x000000001da90000)]
=>0x000000001bef7800 JavaThread "JDWP Transport Listener: dt_socket" daemon [_thread_in_vm, id=3532, stack(0x000000001d890000,0x000000001d990000)]
  0x000000001bee3000 JavaThread "Attach Listener" daemon [_thread_blocked, id=3568, stack(0x000000001d450000,0x000000001d550000)]
  0x000000001bee2000 JavaThread "Signal Dispatcher" daemon [_thread_blocked, id=6780, stack(0x000000001d350000,0x000000001d450000)]
  0x000000001beca000 JavaThread "Finalizer" daemon [_thread_blocked, id=17072, stack(0x000000001d150000,0x000000001d250000)]
  0x000000001bea8800 JavaThread "Reference Handler" daemon [_thread_blocked, id=3164, stack(0x000000001d050000,0x000000001d150000)]

Other Threads:
  0x000000001bea7000 VMThread [stack: 0x000000001cf50000,0x000000001d050000] [id=2732]
  0x000000001e39b800 WatcherThread [stack: 0x000000001eb90000,0x000000001ec90000] [id=5392]

VM state:not at safepoint (normal execution)

VM Mutex/Monitor currently owned by a thread: None

Heap:
 PSYoungGen      total 477184K, used 216543K [0x000000076b980000, 0x000000078a800000, 0x00000007c0000000)
  eden space 471552K, 45% used [0x000000076b980000,0x0000000778cf7f98,0x0000000788600000)
  from space 5632K, 0% used [0x0000000788600000,0x0000000788600000,0x0000000788b80000)
  to   space 17408K, 0% used [0x0000000789700000,0x0000000789700000,0x000000078a800000)
 ParOldGen       total 206336K, used 23761K [0x00000006c2c00000, 0x00000006cf580000, 0x000000076b980000)
  object space 206336K, 11% used [0x00000006c2c00000,0x00000006c43347b8,0x00000006cf580000)
 Metaspace       used 65257K, capacity 67944K, committed 68244K, reserved 1107968K
  class space    used 8561K, capacity 9040K, committed 9108K, reserved 1048576K

Card table byte_map: [0x0000000011d70000,0x0000000012560000] byte_map_base: 0x000000000e75a000

Marking Bits: (ParMarkBitMap*) 0x0000000054fea6d0
 Begin Bits: [0x0000000012eb0000, 0x0000000016e00000)
 End Bits:   [0x0000000016e00000, 0x000000001ad50000)

Polling page: 0x0000000002490000

CodeCache: size=245760Kb used=26951Kb max_used=27031Kb free=218808Kb
 bounds [0x00000000029b0000, 0x0000000004440000, 0x00000000119b0000]
 total_blobs=7545 nmethods=6984 adapters=480
 compilation: enabled

Compilation events (10 events):
Event: 142.281 Thread 0x000000001df5c800 8346       3       java.util.concurrent.ThreadPoolExecutor$Worker::tryAcquire (20 bytes)
Event: 142.283 Thread 0x000000001df5c800 nmethod 8346 0x00000000043dbf50 code [0x00000000043dc0c0, 0x00000000043dc470]
Event: 144.687 Thread 0x000000001df5c800 8348       3       sun.nio.ch.WindowsSelectorImpl$StartLock::access$300 (5 bytes)
Event: 144.688 Thread 0x000000001df5c800 nmethod 8348 0x00000000043db510 code [0x00000000043db680, 0x00000000043dba88]
Event: 144.688 Thread 0x000000001df5c800 8349  s    3       sun.nio.ch.WindowsSelectorImpl$StartLock::startThreads (15 bytes)
Event: 144.689 Thread 0x000000001df5c800 nmethod 8349 0x00000000043e36d0 code [0x00000000043e3840, 0x00000000043e3bc8]
Event: 147.774 Thread 0x000000001df5c800 8350   !   3       sun.nio.ch.SelectorImpl::lockAndDoSelect (72 bytes)
Event: 147.774 Thread 0x000000001df5c800 nmethod 8350 0x00000000043e2550 code [0x00000000043e2720, 0x00000000043e3178]
Event: 147.775 Thread 0x000000001df5c800 8351   !   3       sun.nio.ch.WindowsSelectorImpl::doSelect (136 bytes)
Event: 147.778 Thread 0x000000001df5c800 nmethod 8351 0x000000000440d490 code [0x000000000440d7e0, 0x000000000440f2f8]

GC Heap History (10 events):
Event: 71.891 GC heap before
{Heap before GC invocations=15 (full 4):
 PSYoungGen      total 379392K, used 6945K [0x000000076b980000, 0x000000078a900000, 0x00000007c0000000)
  eden space 360960K, 0% used [0x000000076b980000,0x000000076b980000,0x0000000781a00000)
  from space 18432K, 37% used [0x0000000781a00000,0x00000007820c84b8,0x0000000782c00000)
  to   space 17920K, 0% used [0x0000000789780000,0x0000000789780000,0x000000078a900000)
 ParOldGen       total 206336K, used 23681K [0x00000006c2c00000, 0x00000006cf580000, 0x000000076b980000)
  object space 206336K, 11% used [0x00000006c2c00000,0x00000006c4320600,0x00000006cf580000)
 Metaspace       used 62951K, capacity 65224K, committed 65428K, reserved 1105920K
  class space    used 8439K, capacity 8836K, committed 8852K, reserved 1048576K
Event: 72.125 GC heap after
Heap after GC invocations=15 (full 4):
 PSYoungGen      total 379392K, used 0K [0x000000076b980000, 0x000000078a900000, 0x00000007c0000000)
  eden space 360960K, 0% used [0x000000076b980000,0x000000076b980000,0x0000000781a00000)
  from space 18432K, 0% used [0x0000000781a00000,0x0000000781a00000,0x0000000782c00000)
  to   space 17920K, 0% used [0x0000000789780000,0x0000000789780000,0x000000078a900000)
 ParOldGen       total 206336K, used 26501K [0x00000006c2c00000, 0x00000006cf580000, 0x000000076b980000)
  object space 206336K, 12% used [0x00000006c2c00000,0x00000006c45e14b0,0x00000006cf580000)
 Metaspace       used 62951K, capacity 65224K, committed 65428K, reserved 1105920K
  class space    used 8439K, capacity 8836K, committed 8852K, reserved 1048576K
}
Event: 78.820 GC heap before
{Heap before GC invocations=16 (full 4):
 PSYoungGen      total 379392K, used 223093K [0x000000076b980000, 0x000000078a900000, 0x00000007c0000000)
  eden space 360960K, 61% used [0x000000076b980000,0x000000077935d598,0x0000000781a00000)
  from space 18432K, 0% used [0x0000000781a00000,0x0000000781a00000,0x0000000782c00000)
  to   space 17920K, 0% used [0x0000000789780000,0x0000000789780000,0x000000078a900000)
 ParOldGen       total 206336K, used 26501K [0x00000006c2c00000, 0x00000006cf580000, 0x000000076b980000)
  object space 206336K, 12% used [0x00000006c2c00000,0x00000006c45e14b0,0x00000006cf580000)
 Metaspace       used 63899K, capacity 66318K, committed 66580K, reserved 1107968K
  class space    used 8482K, capacity 8908K, committed 8980K, reserved 1048576K
Event: 78.831 GC heap after
Heap after GC invocations=16 (full 4):
 PSYoungGen      total 489472K, used 5709K [0x000000076b980000, 0x000000078a900000, 0x00000007c0000000)
  eden space 471552K, 0% used [0x000000076b980000,0x000000076b980000,0x0000000788600000)
  from space 17920K, 31% used [0x0000000789780000,0x0000000789d136c8,0x000000078a900000)
  to   space 17920K, 0% used [0x0000000788600000,0x0000000788600000,0x0000000789780000)
 ParOldGen       total 206336K, used 26509K [0x00000006c2c00000, 0x00000006cf580000, 0x000000076b980000)
  object space 206336K, 12% used [0x00000006c2c00000,0x00000006c45e34b0,0x00000006cf580000)
 Metaspace       used 63899K, capacity 66318K, committed 66580K, reserved 1107968K
  class space    used 8482K, capacity 8908K, committed 8980K, reserved 1048576K
}
Event: 78.831 GC heap before
{Heap before GC invocations=17 (full 5):
 PSYoungGen      total 489472K, used 5709K [0x000000076b980000, 0x000000078a900000, 0x00000007c0000000)
  eden space 471552K, 0% used [0x000000076b980000,0x000000076b980000,0x0000000788600000)
  from space 17920K, 31% used [0x0000000789780000,0x0000000789d136c8,0x000000078a900000)
  to   space 17920K, 0% used [0x0000000788600000,0x0000000788600000,0x0000000789780000)
 ParOldGen       total 206336K, used 26509K [0x00000006c2c00000, 0x00000006cf580000, 0x000000076b980000)
  object space 206336K, 12% used [0x00000006c2c00000,0x00000006c45e34b0,0x00000006cf580000)
 Metaspace       used 63899K, capacity 66318K, committed 66580K, reserved 1107968K
  class space    used 8482K, capacity 8908K, committed 8980K, reserved 1048576K
Event: 79.013 GC heap after
Heap after GC invocations=17 (full 5):
 PSYoungGen      total 489472K, used 0K [0x000000076b980000, 0x000000078a900000, 0x00000007c0000000)
  eden space 471552K, 0% used [0x000000076b980000,0x000000076b980000,0x0000000788600000)
  from space 17920K, 0% used [0x0000000789780000,0x0000000789780000,0x000000078a900000)
  to   space 17920K, 0% used [0x0000000788600000,0x0000000788600000,0x0000000789780000)
 ParOldGen       total 206336K, used 23535K [0x00000006c2c00000, 0x00000006cf580000, 0x000000076b980000)
  object space 206336K, 11% used [0x00000006c2c00000,0x00000006c42fbe18,0x00000006cf580000)
 Metaspace       used 63885K, capacity 66294K, committed 66580K, reserved 1107968K
  class space    used 8479K, capacity 8903K, committed 8980K, reserved 1048576K
}
Event: 130.241 GC heap before
{Heap before GC invocations=18 (full 5):
 PSYoungGen      total 489472K, used 225955K [0x000000076b980000, 0x000000078a900000, 0x00000007c0000000)
  eden space 471552K, 47% used [0x000000076b980000,0x0000000779628f20,0x0000000788600000)
  from space 17920K, 0% used [0x0000000789780000,0x0000000789780000,0x000000078a900000)
  to   space 17920K, 0% used [0x0000000788600000,0x0000000788600000,0x0000000789780000)
 ParOldGen       total 206336K, used 23535K [0x00000006c2c00000, 0x00000006cf580000, 0x000000076b980000)
  object space 206336K, 11% used [0x00000006c2c00000,0x00000006c42fbe18,0x00000006cf580000)
 Metaspace       used 64636K, capacity 67224K, committed 67348K, reserved 1107968K
  class space    used 8518K, capacity 8969K, committed 8980K, reserved 1048576K
Event: 130.251 GC heap after
Heap after GC invocations=18 (full 5):
 PSYoungGen      total 477184K, used 5628K [0x000000076b980000, 0x000000078a800000, 0x00000007c0000000)
  eden space 471552K, 0% used [0x000000076b980000,0x000000076b980000,0x0000000788600000)
  from space 5632K, 99% used [0x0000000788600000,0x0000000788b7f228,0x0000000788b80000)
  to   space 17408K, 0% used [0x0000000789700000,0x0000000789700000,0x000000078a800000)
 ParOldGen       total 206336K, used 23543K [0x00000006c2c00000, 0x00000006cf580000, 0x000000076b980000)
  object space 206336K, 11% used [0x00000006c2c00000,0x00000006c42fde18,0x00000006cf580000)
 Metaspace       used 64636K, capacity 67224K, committed 67348K, reserved 1107968K
  class space    used 8518K, capacity 8969K, committed 8980K, reserved 1048576K
}
Event: 130.251 GC heap before
{Heap before GC invocations=19 (full 6):
 PSYoungGen      total 477184K, used 5628K [0x000000076b980000, 0x000000078a800000, 0x00000007c0000000)
  eden space 471552K, 0% used [0x000000076b980000,0x000000076b980000,0x0000000788600000)
  from space 5632K, 99% used [0x0000000788600000,0x0000000788b7f228,0x0000000788b80000)
  to   space 17408K, 0% used [0x0000000789700000,0x0000000789700000,0x000000078a800000)
 ParOldGen       total 206336K, used 23543K [0x00000006c2c00000, 0x00000006cf580000, 0x000000076b980000)
  object space 206336K, 11% used [0x00000006c2c00000,0x00000006c42fde18,0x00000006cf580000)
 Metaspace       used 64636K, capacity 67224K, committed 67348K, reserved 1107968K
  class space    used 8518K, capacity 8969K, committed 8980K, reserved 1048576K
Event: 130.461 GC heap after
Heap after GC invocations=19 (full 6):
 PSYoungGen      total 477184K, used 0K [0x000000076b980000, 0x000000078a800000, 0x00000007c0000000)
  eden space 471552K, 0% used [0x000000076b980000,0x000000076b980000,0x0000000788600000)
  from space 5632K, 0% used [0x0000000788600000,0x0000000788600000,0x0000000788b80000)
  to   space 17408K, 0% used [0x0000000789700000,0x0000000789700000,0x000000078a800000)
 ParOldGen       total 206336K, used 23761K [0x00000006c2c00000, 0x00000006cf580000, 0x000000076b980000)
  object space 206336K, 11% used [0x00000006c2c00000,0x00000006c43347b8,0x00000006cf580000)
 Metaspace       used 64622K, capacity 67200K, committed 67348K, reserved 1107968K
  class space    used 8516K, capacity 8964K, committed 8980K, reserved 1048576K
}

Deoptimization events (10 events):
Event: 132.628 Thread 0x0000000021f4a800 Uncommon trap: reason=unhandled action=none pc=0x0000000003dd1144 method=java.lang.Class.getMethod(Ljava/lang/String;[Ljava/lang/Class;)Ljava/lang/reflect/Method; @ 61
Event: 132.628 Thread 0x0000000021f4a800 Uncommon trap: reason=unhandled action=none pc=0x0000000003dd1144 method=java.lang.Class.getMethod(Ljava/lang/String;[Ljava/lang/Class;)Ljava/lang/reflect/Method; @ 61
Event: 132.628 Thread 0x0000000021f4a800 Uncommon trap: reason=unhandled action=none pc=0x0000000003dd1144 method=java.lang.Class.getMethod(Ljava/lang/String;[Ljava/lang/Class;)Ljava/lang/reflect/Method; @ 61
Event: 132.628 Thread 0x0000000021f4a800 Uncommon trap: reason=unhandled action=none pc=0x0000000003dd1144 method=java.lang.Class.getMethod(Ljava/lang/String;[Ljava/lang/Class;)Ljava/lang/reflect/Method; @ 61
Event: 132.628 Thread 0x0000000021f4a800 Uncommon trap: reason=unhandled action=none pc=0x0000000003dd1144 method=java.lang.Class.getMethod(Ljava/lang/String;[Ljava/lang/Class;)Ljava/lang/reflect/Method; @ 61
Event: 132.628 Thread 0x0000000021f4a800 Uncommon trap: reason=unhandled action=none pc=0x0000000003dd1144 method=java.lang.Class.getMethod(Ljava/lang/String;[Ljava/lang/Class;)Ljava/lang/reflect/Method; @ 61
Event: 132.628 Thread 0x0000000021f4a800 Uncommon trap: reason=unhandled action=none pc=0x0000000003dd1144 method=java.lang.Class.getMethod(Ljava/lang/String;[Ljava/lang/Class;)Ljava/lang/reflect/Method; @ 61
Event: 132.628 Thread 0x0000000021f4a800 Uncommon trap: reason=unhandled action=none pc=0x0000000003dd1144 method=java.lang.Class.getMethod(Ljava/lang/String;[Ljava/lang/Class;)Ljava/lang/reflect/Method; @ 61
Event: 132.628 Thread 0x0000000021f4a800 Uncommon trap: reason=unhandled action=none pc=0x0000000003dd1144 method=java.lang.Class.getMethod(Ljava/lang/String;[Ljava/lang/Class;)Ljava/lang/reflect/Method; @ 61
Event: 132.628 Thread 0x0000000021f4a800 Uncommon trap: reason=unhandled action=none pc=0x0000000003dd1144 method=java.lang.Class.getMethod(Ljava/lang/String;[Ljava/lang/Class;)Ljava/lang/reflect/Method; @ 61

Internal exceptions (10 events):
Event: 132.569 Thread 0x0000000021f4a800 Exception <a 'java/lang/ArrayIndexOutOfBoundsException': 55> (0x0000000776ec8ec8) thrown at [C:\re\workspace\8-2-build-windows-amd64-cygwin\jdk8u101\7261\hotspot\src\share\vm\interpreter\interpreterRuntime.cpp, line 366]
Event: 132.570 Thread 0x0000000021f4a800 Exception <a 'java/lang/ArrayIndexOutOfBoundsException': 55> (0x0000000776ecafe0) thrown at [C:\re\workspace\8-2-build-windows-amd64-cygwin\jdk8u101\7261\hotspot\src\share\vm\interpreter\interpreterRuntime.cpp, line 366]
Event: 132.570 Thread 0x0000000021f4a800 Exception <a 'java/lang/ArrayIndexOutOfBoundsException': 55> (0x0000000776ecc5f8) thrown at [C:\re\workspace\8-2-build-windows-amd64-cygwin\jdk8u101\7261\hotspot\src\share\vm\interpreter\interpreterRuntime.cpp, line 366]
Event: 132.570 Thread 0x0000000021f4a800 Exception <a 'java/lang/ArrayIndexOutOfBoundsException': 8> (0x0000000776ef3f60) thrown at [C:\re\workspace\8-2-build-windows-amd64-cygwin\jdk8u101\7261\hotspot\src\share\vm\interpreter\interpreterRuntime.cpp, line 366]
Event: 132.570 Thread 0x0000000021f4a800 Exception <a 'java/lang/ArrayIndexOutOfBoundsException': 55> (0x0000000776ef6518) thrown at [C:\re\workspace\8-2-build-windows-amd64-cygwin\jdk8u101\7261\hotspot\src\share\vm\interpreter\interpreterRuntime.cpp, line 366]
Event: 132.570 Thread 0x0000000021f4a800 Exception <a 'java/lang/ArrayIndexOutOfBoundsException': 55> (0x0000000776ef7b30) thrown at [C:\re\workspace\8-2-build-windows-amd64-cygwin\jdk8u101\7261\hotspot\src\share\vm\interpreter\interpreterRuntime.cpp, line 366]
Event: 132.584 Thread 0x0000000021f4a800 Exception <a 'java/lang/ArrayIndexOutOfBoundsException': 159> (0x00000007770413b0) thrown at [C:\re\workspace\8-2-build-windows-amd64-cygwin\jdk8u101\7261\hotspot\src\share\vm\interpreter\interpreterRuntime.cpp, line 366]
Event: 132.591 Thread 0x0000000021f4a800 Exception <a 'java/lang/ArrayIndexOutOfBoundsException': 234> (0x00000007770dae58) thrown at [C:\re\workspace\8-2-build-windows-amd64-cygwin\jdk8u101\7261\hotspot\src\share\vm\interpreter\interpreterRuntime.cpp, line 366]
Event: 132.615 Thread 0x0000000021f4a800 Exception <a 'java/lang/ArrayIndexOutOfBoundsException': 6> (0x00000007771c0ae8) thrown at [C:\re\workspace\8-2-build-windows-amd64-cygwin\jdk8u101\7261\hotspot\src\share\vm\interpreter\interpreterRuntime.cpp, line 366]
Event: 132.615 Thread 0x0000000021f4a800 Exception <a 'java/lang/ArrayIndexOutOfBoundsException': 6> (0x00000007771c2108) thrown at [C:\re\workspace\8-2-build-windows-amd64-cygwin\jdk8u101\7261\hotspot\src\share\vm\interpreter\interpreterRuntime.cpp, line 366]

Events (10 events):
Event: 144.689 Thread 0x000000001df5c800 flushing nmethod 0x0000000002e65d50
Event: 144.689 Thread 0x000000001df5c800 flushing nmethod 0x0000000002e76890
Event: 144.689 Thread 0x000000001df5c800 flushing nmethod 0x0000000002e7df90
Event: 144.689 Thread 0x000000001df5c800 flushing nmethod 0x0000000002e9c450
Event: 144.689 Thread 0x000000001df5c800 flushing nmethod 0x0000000002eb7450
Event: 147.628 Executing VM operation: RedefineClasses
Event: 147.773 Executing VM operation: RedefineClasses done
Event: 147.774 Thread 0x000000001df5c800 flushing nmethod 0x0000000002f52f50
Event: 147.775 Thread 0x000000001df5c800 flushing nmethod 0x0000000002fa88d0
Event: 147.778 Thread 0x000000001df5c800 flushing nmethod 0x00000000030619d0


Dynamic libraries:
0x00007ff6a68d0000 - 0x00007ff6a6907000 	C:\Program Files\Java\jdk1.8.0_101\bin\javaw.exe
0x00007ffb17be0000 - 0x00007ffb17dcd000 	C:\WINDOWS\SYSTEM32\ntdll.dll
0x00007ffb16da0000 - 0x00007ffb16e53000 	C:\WINDOWS\System32\KERNEL32.DLL
0x00007ffb13e70000 - 0x00007ffb14103000 	C:\WINDOWS\System32\KERNELBASE.dll
0x00007ffb16610000 - 0x00007ffb166b3000 	C:\WINDOWS\System32\ADVAPI32.dll
0x00007ffb16d00000 - 0x00007ffb16d9e000 	C:\WINDOWS\System32\msvcrt.dll
0x00007ffb171d0000 - 0x00007ffb1726e000 	C:\WINDOWS\System32\sechost.dll
0x00007ffb166c0000 - 0x00007ffb167e2000 	C:\WINDOWS\System32\RPCRT4.dll
0x00007ffb16e60000 - 0x00007ffb16ff7000 	C:\WINDOWS\System32\USER32.dll
0x00007ffb141d0000 - 0x00007ffb141f0000 	C:\WINDOWS\System32\win32u.dll
0x00007ffb17630000 - 0x00007ffb17659000 	C:\WINDOWS\System32\GDI32.dll
0x00007ffb144b0000 - 0x00007ffb14649000 	C:\WINDOWS\System32\gdi32full.dll
0x00007ffb14130000 - 0x00007ffb141d0000 	C:\WINDOWS\System32\msvcp_win.dll
0x00007ffb13cf0000 - 0x00007ffb13dea000 	C:\WINDOWS\System32\ucrtbase.dll
0x00007ffb12ad0000 - 0x00007ffb12d49000 	C:\WINDOWS\WinSxS\amd64_microsoft.windows.common-controls_6595b64144ccf1df_6.0.17763.737_none_05b6437c071e554b\COMCTL32.dll
0x00007ffb17710000 - 0x00007ffb17a3c000 	C:\WINDOWS\System32\combase.dll
0x00007ffb13df0000 - 0x00007ffb13e6e000 	C:\WINDOWS\System32\bcryptPrimitives.dll
0x00007ffb165e0000 - 0x00007ffb1660e000 	C:\WINDOWS\System32\IMM32.DLL
0x00007ffae8320000 - 0x00007ffae83d1000 	C:\Program Files\McAfee\Endpoint Security\Threat Prevention\Ips\EpMPApi.dll
0x00007ffb14da0000 - 0x00007ffb14df9000 	C:\WINDOWS\System32\WINTRUST.dll
0x00007ffb13bf0000 - 0x00007ffb13c02000 	C:\WINDOWS\System32\MSASN1.dll
0x00007ffb14220000 - 0x00007ffb143fb000 	C:\WINDOWS\System32\CRYPT32.dll
0x00000000550a0000 - 0x00000000550ac000 	C:\Program Files\McAfee\Endpoint Security\Threat Prevention\Ips\EpMPThe.dll
0x0000000055600000 - 0x00000000556d2000 	C:\Program Files\Java\jdk1.8.0_101\jre\bin\msvcr100.dll
0x00000000547d0000 - 0x000000005506a000 	C:\Program Files\Java\jdk1.8.0_101\jre\bin\server\jvm.dll
0x00007ffb170d0000 - 0x00007ffb170d8000 	C:\WINDOWS\System32\PSAPI.DLL
0x00007ffb09c80000 - 0x00007ffb09ca4000 	C:\WINDOWS\SYSTEM32\WINMM.dll
0x00007ffb03c00000 - 0x00007ffb03c09000 	C:\WINDOWS\SYSTEM32\WSOCK32.dll
0x00007ffb09db0000 - 0x00007ffb09dba000 	C:\WINDOWS\SYSTEM32\VERSION.dll
0x00007ffb17160000 - 0x00007ffb171cd000 	C:\WINDOWS\System32\WS2_32.dll
0x00007ffb09c50000 - 0x00007ffb09c7d000 	C:\WINDOWS\SYSTEM32\WINMMBASE.dll
0x00007ffb13ca0000 - 0x00007ffb13cea000 	C:\WINDOWS\System32\cfgmgr32.dll
0x0000000055300000 - 0x000000005530f000 	C:\Program Files\Java\jdk1.8.0_101\jre\bin\verify.dll
0x00000000552d0000 - 0x00000000552f9000 	C:\Program Files\Java\jdk1.8.0_101\jre\bin\java.dll
0x00000000555c0000 - 0x00000000555f5000 	C:\Program Files\Java\jdk1.8.0_101\jre\bin\jdwp.dll
0x00000000555b0000 - 0x00000000555b8000 	C:\Program Files\Java\jdk1.8.0_101\jre\bin\npt.dll
0x0000000055210000 - 0x0000000055233000 	C:\Program Files\Java\jdk1.8.0_101\jre\bin\instrument.dll
0x00000000552b0000 - 0x00000000552c6000 	C:\Program Files\Java\jdk1.8.0_101\jre\bin\zip.dll
0x00007ffb15080000 - 0x00007ffb16572000 	C:\WINDOWS\System32\SHELL32.dll
0x00007ffb17660000 - 0x00007ffb17708000 	C:\WINDOWS\System32\shcore.dll
0x00007ffb14650000 - 0x00007ffb14d9a000 	C:\WINDOWS\System32\windows.storage.dll
0x00007ffb13c70000 - 0x00007ffb13c94000 	C:\WINDOWS\System32\profapi.dll
0x00007ffb13c10000 - 0x00007ffb13c6d000 	C:\WINDOWS\System32\powrprof.dll
0x00007ffb17010000 - 0x00007ffb17062000 	C:\WINDOWS\System32\shlwapi.dll
0x00007ffb13bd0000 - 0x00007ffb13be1000 	C:\WINDOWS\System32\kernel.appcore.dll
0x00007ffb14110000 - 0x00007ffb14127000 	C:\WINDOWS\System32\cryptsp.dll
0x00000000555a0000 - 0x00000000555a9000 	C:\Program Files\Java\jdk1.8.0_101\jre\bin\dt_socket.dll
0x00007ffafb290000 - 0x00007ffafb2a6000 	C:\WINDOWS\system32\napinsp.dll
0x00007ffafa250000 - 0x00007ffafa26a000 	C:\WINDOWS\system32\pnrpnsp.dll
0x00007ffb13440000 - 0x00007ffb134a7000 	C:\WINDOWS\System32\mswsock.dll
0x00007ffb131a0000 - 0x00007ffb13266000 	C:\WINDOWS\SYSTEM32\DNSAPI.dll
0x00007ffb17000000 - 0x00007ffb17008000 	C:\WINDOWS\System32\NSI.dll
0x00007ffb13160000 - 0x00007ffb1319d000 	C:\WINDOWS\SYSTEM32\IPHLPAPI.DLL
0x00007ffafb230000 - 0x00007ffafb23e000 	C:\WINDOWS\System32\winrnr.dll
0x00007ffb0fcd0000 - 0x00007ffb0fceb000 	C:\WINDOWS\system32\NLAapi.dll
0x00007ffb0c040000 - 0x00007ffb0c055000 	C:\WINDOWS\system32\wshbth.dll
0x00007ffb0ec10000 - 0x00007ffb0ec89000 	C:\WINDOWS\System32\fwpuclnt.dll
0x00007ffb141f0000 - 0x00007ffb14216000 	C:\WINDOWS\System32\bcrypt.dll
0x00007ffb07700000 - 0x00007ffb0770a000 	C:\Windows\System32\rasadhlp.dll
0x0000000055590000 - 0x000000005559d000 	C:\Program Files\Java\jdk1.8.0_101\jre\bin\management.dll
0x0000000055290000 - 0x00000000552aa000 	C:\Program Files\Java\jdk1.8.0_101\jre\bin\net.dll
0x0000000055270000 - 0x0000000055281000 	C:\Program Files\Java\jdk1.8.0_101\jre\bin\nio.dll
0x00007ffb12fc0000 - 0x00007ffb12ff3000 	C:\WINDOWS\system32\rsaenh.dll
0x00007ffb13ad0000 - 0x00007ffb13af8000 	C:\WINDOWS\SYSTEM32\USERENV.dll
0x00007ffb13610000 - 0x00007ffb1361c000 	C:\WINDOWS\SYSTEM32\CRYPTBASE.dll
0x00007ffb0db80000 - 0x00007ffb0db96000 	C:\WINDOWS\SYSTEM32\dhcpcsvc6.DLL
0x00007ffb0db60000 - 0x00007ffb0db7c000 	C:\WINDOWS\SYSTEM32\dhcpcsvc.DLL
0x0000000055240000 - 0x0000000055264000 	C:\Program Files\Java\jdk1.8.0_101\jre\bin\sunec.dll
0x00007ffaff7d0000 - 0x00007ffaff9bd000 	C:\WINDOWS\SYSTEM32\dbghelp.dll

VM Arguments:
jvm_args: -agentlib:jdwp=transport=dt_socket,suspend=y,address=localhost:64608 -javaagent:C:\Users\myelchur\eclipse\jee-2019-092\eclipse\configuration\org.eclipse.osgi\412\0\.cp\lib\javaagent-shaded.jar -Dfile.encoding=UTF-8 
java_command: com.restaurant.restaurant_management.RestaurantManagementApplication
java_class_path (initial): C:\Users\myelchur\git\repository2\restaurant_management3\target\classes;C:\Users\myelchur\.m2\repository\org\springframework\boot\spring-boot-starter-data-jdbc\2.1.8.RELEASE\spring-boot-starter-data-jdbc-2.1.8.RELEASE.jar;C:\Users\myelchur\.m2\repository\org\springframework\boot\spring-boot-starter-jdbc\2.1.8.RELEASE\spring-boot-starter-jdbc-2.1.8.RELEASE.jar;C:\Users\myelchur\.m2\repository\com\zaxxer\HikariCP\3.2.0\HikariCP-3.2.0.jar;C:\Users\myelchur\.m2\repository\org\springframework\spring-jdbc\5.1.9.RELEASE\spring-jdbc-5.1.9.RELEASE.jar;C:\Users\myelchur\.m2\repository\org\springframework\data\spring-data-jdbc\1.0.10.RELEASE\spring-data-jdbc-1.0.10.RELEASE.jar;C:\Users\myelchur\.m2\repository\org\springframework\data\spring-data-commons\2.1.10.RELEASE\spring-data-commons-2.1.10.RELEASE.jar;C:\Users\myelchur\.m2\repository\org\springframework\spring-tx\5.1.9.RELEASE\spring-tx-5.1.9.RELEASE.jar;C:\Users\myelchur\.m2\repository\org\springframework\spring-context\5.1.9.RELEASE\spring-context-5.1.9.RELEASE.jar;C:\Users\myelchur\.m2\repository\org\springframework\spring-beans\5.1.9.RELEASE\spring-beans-5.1.9.RELEASE.jar;C:\Users\myelchur\.m2\repository\org\slf4j\slf4j-api\1.7.28\slf4j-api-1.7.28.jar;C:\Users\myelchur\.m2\repository\org\springframework\boot\spring-boot-starter-data-jpa\2.1.8.RELEASE\spring-boot-starter-data-jpa-2.1.8.RELEASE.jar;C:\Users\myelchur\.m2\repository\org\springframework\boot\spring-boot-starter-aop\2.1.8.RELEASE\spring-boot-starter-aop-2.1.8.RELEASE.jar;C:\Users\myelchur\.m2\repository\org\aspectj\aspectjweaver\1.9.4\aspectjweaver-1.9.4.jar;C:\Users\myelchur\.m2\repository\javax\transaction\javax.transaction-api\1.3\javax.transaction-api-1.3.jar;C:\Users\myelchur\.m2\repository\javax\xml\bind\jaxb-api\2.3.1\jaxb-api-2.3.1.jar;C:\Users\myelchur\.m2\repository\javax\activation\javax.activation-api\1.2.0\javax.activation-api-1.2.0.jar;C:\Users\myelchur\.m2\repository\org\hibernate\hibernate-core\5.3.11.Final\hiber
Launcher Type: SUN_STANDARD

Environment Variables:
JAVA_HOME=C:\Program Files\Java\jdk1.8.0_101
JRE_HOME=C:\Program Files\Java\jre1.8.0_191
CLASSPATH=C:\Program Files\Java\jdk1.8.0_101\bin;C:\Program Files\Java\jre1.8.0_191\bin;C:\Program Files\apache-tomcat-8.5.29\lib
PATH=C:\Program Files\Java\jdk1.8.0_101\jre\bin;C:/Program Files/Java/jdk1.8.0_101/jre/bin/server;C:/Program Files/Java/jdk1.8.0_101/jre/bin;C:/Program Files/Java/jdk1.8.0_101/jre/lib/amd64;C:\Program Files (x86)\Common Files\Oracle\Java\javapath;C:\oraclexe\app\oracle\product\11.2.0\server\bin;D:\app\OracleHomeUser3\product\12.1.0\dbhome_1\bin;D:\app\OracleHomeUser1\product\12.1.0\dbhome_1\bin;C:\WINDOWS\system32;C:\WINDOWS;C:\WINDOWS\System32\Wbem;C:\WINDOWS\System32\WindowsPowerShell\v1.0\;C:\Program Files (x86)\Skype\Phone\;C:\WINDOWS\System32\OpenSSH\;C:\Program Files (x86)\Sennheiser\SoftphoneSDK\;C:\Users\myelchur\Desktop\apache-maven-3.6.2-bin;C:\Users\myelchur\AppData\Local\Microsoft\WindowsApps;C:\Program Files\Java\jdk1.8.0_101\bin\;C:\Program Files\apache-maven-3.6.0\bin;C:\Program Files\nodejs;C:\Users\myelchur\AppData\Roaming\npm;;C:\Users\myelchur\Desktop;
USERNAME=myelchur
OS=Windows_NT
PROCESSOR_IDENTIFIER=Intel64 Family 6 Model 78 Stepping 3, GenuineIntel



---------------  S Y S T E M  ---------------

OS: Windows 10.0 , 64 bit Build 17763 (10.0.17763.475)

CPU:total 4 (2 cores per cpu, 2 threads per core) family 6 model 78 stepping 3, cmov, cx8, fxsr, mmx, sse, sse2, sse3, ssse3, sse4.1, sse4.2, popcnt, avx, avx2, aes, clmul, erms, rtm, 3dnowpref, lzcnt, ht, tsc, tscinvbit, bmi1, bmi2, adx

Memory: 4k page, physical 16593916k(8504888k free), swap 19084284k(10005472k free)

vm_info: Java HotSpot(TM) 64-Bit Server VM (25.101-b13) for windows-amd64 JRE (1.8.0_101-b13), built on Jun 22 2016 01:21:29 by "java_re" with MS VC++ 10.0 (VS2010)

time: Sun Sep 29 11:15:32 2019
elapsed time: 147 seconds (0d 0h 2m 27s)

